{
  "RSpec": {
    "coverage": {
      "/Users/cahallavelle/Desktop/Makers/week10/bank-tech-test/spec/bank_account_spec.rb": {
        "lines": [
          null,
          null,
          1,
          1,
          null,
          1,
          10,
          null,
          1,
          1,
          1,
          1,
          null,
          null,
          null,
          1,
          1,
          1,
          1,
          null,
          null,
          1,
          1,
          1,
          null,
          null,
          1,
          1,
          1,
          1,
          null,
          null,
          null,
          1,
          1,
          1,
          1,
          1,
          null,
          1,
          2,
          null,
          null,
          1,
          1,
          2,
          null,
          null,
          1,
          1,
          1,
          1,
          null,
          null,
          1,
          1,
          1,
          1,
          null,
          null,
          null
        ]
      },
      "/Users/cahallavelle/Desktop/Makers/week10/bank-tech-test/lib/bank_account.rb": {
        "lines": [
          null,
          null,
          1,
          1,
          null,
          null,
          1,
          1,
          1,
          null,
          1,
          9,
          9,
          9,
          null,
          null,
          1,
          8,
          8,
          null,
          null,
          1,
          5,
          null,
          3,
          3,
          null,
          null,
          1,
          4,
          null,
          null,
          1,
          1,
          null,
          null,
          1,
          null,
          1,
          5,
          null,
          null,
          null,
          null,
          null,
          1,
          9,
          null,
          null
        ]
      },
      "/Users/cahallavelle/Desktop/Makers/week10/bank-tech-test/lib/bank_statement.rb": {
        "lines": [
          null,
          null,
          1,
          null,
          null,
          1,
          1,
          null,
          1,
          12,
          12,
          null,
          null,
          1,
          6,
          null,
          null,
          1,
          13,
          13,
          null,
          null,
          null,
          null,
          null,
          null
        ]
      },
      "/Users/cahallavelle/Desktop/Makers/week10/bank-tech-test/lib/transaction.rb": {
        "lines": [
          null,
          null,
          null,
          1,
          1,
          null,
          1,
          13,
          13,
          13,
          13,
          null,
          null
        ]
      },
      "/Users/cahallavelle/Desktop/Makers/week10/bank-tech-test/lib/statement_printer.rb": {
        "lines": [
          null,
          null,
          null,
          1,
          1,
          1,
          null,
          1,
          10,
          10,
          null,
          null,
          1,
          null,
          null,
          1,
          3,
          null,
          1,
          1,
          null,
          null
        ]
      },
      "/Users/cahallavelle/Desktop/Makers/week10/bank-tech-test/spec/bank_statement_spec.rb": {
        "lines": [
          null,
          null,
          1,
          1,
          4,
          4,
          null,
          1,
          1,
          4,
          null,
          null,
          1,
          4,
          null,
          null,
          1,
          1,
          4,
          null,
          null,
          null,
          null,
          null,
          null,
          null,
          null,
          null,
          null,
          null,
          null,
          null,
          null
        ]
      },
      "/Users/cahallavelle/Desktop/Makers/week10/bank-tech-test/spec/statement_printer_spec.rb": {
        "lines": [
          null,
          null,
          1,
          1,
          null,
          1,
          1,
          null,
          null,
          null,
          null,
          null,
          null,
          2,
          2,
          2,
          2,
          2,
          2,
          null,
          1,
          1,
          1,
          1,
          null,
          null,
          null,
          null,
          null,
          null,
          null,
          null,
          null,
          null,
          null
        ]
      }
    },
    "timestamp": 1612883423
  }
}
