{
  "RSpec": {
    "coverage": {
      "/Users/cahallavelle/Desktop/Makers/week10/bank-tech-test/spec/bank_account_spec.rb": {
        "lines": [
          1,
          null,
          1,
          8,
          null,
          1,
          1,
          1,
          1,
          null,
          null,
          1,
          1,
          1,
          1,
          null,
          null,
          1,
          1,
          1,
          null,
          null,
          null,
          1,
          1,
          2,
          null,
          null,
          1,
          1,
          2,
          null,
          null,
          1,
          1,
          1,
          1,
          null,
          null,
          1,
          1,
          1,
          1,
          null,
          null,
          null,
          null
        ]
      },
      "/Users/cahallavelle/Desktop/Makers/week10/bank-tech-test/lib/bank_account.rb": {
        "lines": [
          1,
          null,
          1,
          1,
          1,
          null,
          1,
          9,
          9,
          null,
          null,
          1,
          10,
          null,
          8,
          8,
          null,
          null,
          1,
          4,
          null,
          null,
          1,
          0,
          null,
          null,
          1,
          null,
          1,
          10,
          null,
          null,
          1,
          7,
          null,
          null
        ]
      },
      "/Users/cahallavelle/Desktop/Makers/week10/bank-tech-test/lib/bank_statement.rb": {
        "lines": [
          1,
          1,
          null,
          1,
          12,
          null,
          null,
          1,
          6,
          null,
          null,
          1,
          0,
          null,
          null,
          1,
          10,
          10,
          null,
          null
        ]
      },
      "/Users/cahallavelle/Desktop/Makers/week10/bank-tech-test/spec/bank_statement_spec.rb": {
        "lines": [
          1,
          1,
          4,
          null,
          1,
          1,
          4,
          null,
          null,
          1,
          4,
          null,
          null,
          1,
          4,
          null,
          null,
          null
        ]
      },
      "/Users/cahallavelle/Desktop/Makers/week10/bank-tech-test/spec/statement_printer_spec.rb": {
        "lines": [
          1,
          null,
          1,
          null,
          1,
          null,
          null,
          null,
          null,
          null,
          1,
          null,
          null,
          null,
          null,
          null,
          null,
          3,
          null,
          1,
          1,
          2,
          2,
          1,
          1,
          null,
          null,
          null,
          1,
          2,
          2,
          1,
          2,
          null,
          null,
          null,
          null,
          null,
          null,
          null
        ]
      },
      "/Users/cahallavelle/Desktop/Makers/week10/bank-tech-test/lib/statement_printer.rb": {
        "lines": [
          1,
          1,
          1,
          null,
          1,
          2,
          2,
          null,
          null,
          1,
          2,
          null,
          1,
          3,
          1,
          null,
          2,
          null,
          null,
          1,
          null,
          null
        ]
      }
    },
    "timestamp": 1612803448
  }
}
